<?xml version="1.0" encoding="UTF-8"?>
<!-- Generated by org.testng.reporters.JUnitReportReporter -->
<testsuite hostname="LAPTOP-JN7V6PCP" name="com.cleartrip.runner.runnerTest" tests="1" failures="0" timestamp="9 Sep 2021 08:46:55 GMT" time="32.652" errors="0">
  <testcase name="runScenario" time="32.652" classname="com.cleartrip.runner.runnerTest"/>
</testsuite> <!-- com.cleartrip.runner.runnerTest -->
